	Python3 anaconda is now loaded in your environment.

	CUDA-10.2 loaded

Global seed set to 5
[2022-05-30 21:00:11,757] INFO: Building data: hotel_location...
[2022-05-30 21:00:14,723] WARNING: HF google storage unreachable. Downloading and preparing it from source
Downloading and preparing dataset hotel_location_dataset/hotel_location_dataset_ to /jmain02/home/J2AD003/txk58/zxz22-txk58/.cache/huggingface/datasets/hotel_location_dataset/hotel_location_dataset_/0.0.0/16854e97974eb7bce3e5660d672a205c8e564c179ebebaf3535fd71760869f74...

Generating train split: 0 examples [00:00, ? examples/s]
Generating train split: 1 examples [00:00,  2.10 examples/s]
Generating train split: 2075 examples [00:00, 4786.73 examples/s]
Generating train split: 4171 examples [00:00, 8795.81 examples/s]
Generating train split: 6269 examples [00:00, 11982.03 examples/s]
                                                                  

Generating validation split: 0 examples [00:00, ? examples/s]
Generating validation split: 696 examples [00:02, 263.98 examples/s]
                                                                    

Generating test split: 0 examples [00:00, ? examples/s]
Generating test split: 158 examples [00:00, 1579.73 examples/s]
                                                               
Dataset hotel_location_dataset downloaded and prepared to /jmain02/home/J2AD003/txk58/zxz22-txk58/.cache/huggingface/datasets/hotel_location_dataset/hotel_location_dataset_/0.0.0/16854e97974eb7bce3e5660d672a205c8e564c179ebebaf3535fd71760869f74. Subsequent calls will reuse this data.

  0%|          | 0/3 [00:00<?, ?it/s]
 33%|███▎      | 1/3 [00:00<00:00,  3.78it/s]
100%|██████████| 3/3 [00:00<00:00, 11.17it/s]
Traceback (most recent call last):
  File "/jmain02/home/J2AD003/txk58/zxz22-txk58/spectra/spectra-rationalization/rationalizers/__main__.py", line 112, in <module>
    train.run(args)
  File "/jmain02/home/J2AD003/txk58/zxz22-txk58/spectra/spectra-rationalization/rationalizers/train.py", line 24, in run
    dm.setup()
  File "/jmain02/home/J2AD003/txk58/zxz22-txk58/spectra/spectra-rationalization/rationalizers/data_modules/hotel_location.py", line 112, in setup
    download_mode=hf_datasets.GenerateMode.REUSE_DATASET_IF_EXISTS,
AttributeError: module 'datasets' has no attribute 'GenerateMode'

